2026-06-10 13:42:12,424 - [PID 15604] - INFO - Camera found: a2A5060-21g5cBAS
2026-06-10 13:43:35,814 - [PID 5800] - INFO - Camera found: a2A5060-21g5cBAS
2026-06-10 13:43:35,904 - [PID 5800] - INFO - Camera connected successfully
2026-06-10 13:43:35,906 - [PID 5800] - INFO - Connecting to localhost:1883 as mqtt-client-b0a9c015
2026-06-10 13:43:35,916 - [PID 5800] - INFO - Connected to localhost:1883
2026-06-10 13:43:35,920 - [PID 5800] - INFO - Connecting to localhost:1883 as mqtt-client-85d32248
2026-06-10 13:43:35,924 - [PID 5800] - INFO - Connected to localhost:1883
2026-06-10 13:43:35,924 - [PID 5800] - INFO - Subscribed to 'magnapower/sortyboi/inference/trigger' (QoS 0)
2026-06-10 13:43:49,646 - [PID 5800] - INFO - Capturing image...
2026-06-10 13:43:49,944 - [PID 5800] - INFO - Captured image shape: (5056, 5064, 3)
2026-06-10 13:43:50,092 - [PID 5800] - INFO - Publishing image...
2026-06-10 13:43:50,097 - [PID 5800] - INFO - Image published. Waiting for next capture request...
2026-06-10 13:43:50,099 - [PID 5800] - WARNING - Unexpected disconnect (rc=7)
2026-06-10 13:43:50,099 - [PID 5800] - INFO - Reconnecting in 5.0s (attempt 1)…
2026-06-10 13:43:55,102 - [PID 5800] - INFO - Connecting to localhost:1883 as mqtt-client-b0a9c015
2026-06-10 13:43:56,116 - [PID 5800] - INFO - Connected to localhost:1883
2026-06-10 13:43:57,775 - [PID 5800] - INFO - Capturing image...
2026-06-10 13:43:58,072 - [PID 5800] - INFO - Captured image shape: (5056, 5064, 3)
2026-06-10 13:43:58,215 - [PID 5800] - INFO - Publishing image...
2026-06-10 13:43:58,221 - [PID 5800] - WARNING - Unexpected disconnect (rc=7)
2026-06-10 13:43:58,221 - [PID 5800] - INFO - Image published. Waiting for next capture request...
2026-06-10 13:43:58,222 - [PID 5800] - INFO - Reconnecting in 5.0s (attempt 1)…
2026-06-10 13:44:03,226 - [PID 5800] - INFO - Connecting to localhost:1883 as mqtt-client-b0a9c015
2026-06-10 13:44:04,237 - [PID 5800] - INFO - Connected to localhost:1883
2026-06-10 13:45:04,857 - [PID 5800] - INFO - Capturing image...
2026-06-10 13:45:05,146 - [PID 5800] - INFO - Captured image shape: (5056, 5064, 3)
2026-06-10 13:45:05,289 - [PID 5800] - INFO - Publishing image...
2026-06-10 13:45:05,293 - [PID 5800] - INFO - Image published. Waiting for next capture request...
2026-06-10 13:45:05,295 - [PID 5800] - WARNING - Unexpected disconnect (rc=7)
2026-06-10 13:45:05,295 - [PID 5800] - INFO - Reconnecting in 5.0s (attempt 1)…
2026-06-10 13:45:10,297 - [PID 5800] - INFO - Connecting to localhost:1883 as mqtt-client-b0a9c015
2026-06-10 13:45:11,309 - [PID 5800] - INFO - Connected to localhost:1883
2026-06-10 13:57:12,027 - [PID 5800] - INFO - Capturing image...
2026-06-10 13:57:12,317 - [PID 5800] - INFO - Captured image shape: (5056, 5064, 3)
2026-06-10 13:57:12,463 - [PID 5800] - INFO - Publishing image...
2026-06-10 13:57:12,469 - [PID 5800] - INFO - Image published. Waiting for next capture request...
2026-06-10 13:57:12,469 - [PID 5800] - WARNING - Unexpected disconnect (rc=7)
2026-06-10 13:57:12,469 - [PID 5800] - INFO - Reconnecting in 5.0s (attempt 1)…
2026-06-10 13:57:14,483 - [PID 5800] - INFO - Capturing image...
2026-06-10 13:57:14,771 - [PID 5800] - INFO - Captured image shape: (5056, 5064, 3)
2026-06-10 13:57:14,912 - [PID 5800] - INFO - Publishing image...
2026-06-10 13:57:14,916 - [PID 5800] - INFO - Image published. Waiting for next capture request...
2026-06-10 13:57:14,916 - [PID 5800] - WARNING - Unexpected disconnect (rc=7)
2026-06-10 13:57:14,916 - [PID 5800] - INFO - Reconnecting in 5.0s (attempt 1)…
2026-06-10 13:57:15,827 - [PID 5800] - INFO - Capturing image...
2026-06-10 13:57:16,121 - [PID 5800] - INFO - Captured image shape: (5056, 5064, 3)
2026-06-10 13:57:16,268 - [PID 5800] - INFO - Publishing image...
2026-06-10 13:57:16,273 - [PID 5800] - INFO - Image published. Waiting for next capture request...
2026-06-10 13:57:16,274 - [PID 5800] - WARNING - Unexpected disconnect (rc=7)
2026-06-10 13:57:16,274 - [PID 5800] - INFO - Reconnecting in 5.0s (attempt 1)…
2026-06-10 13:57:17,475 - [PID 5800] - INFO - Connecting to localhost:1883 as mqtt-client-b0a9c015
2026-06-10 13:57:18,489 - [PID 5800] - INFO - Connected to localhost:1883
2026-06-10 13:57:19,921 - [PID 5800] - INFO - Connecting to localhost:1883 as mqtt-client-b0a9c015
2026-06-10 13:57:20,933 - [PID 5800] - INFO - Connected to localhost:1883
2026-06-10 13:57:21,278 - [PID 5800] - INFO - Connecting to localhost:1883 as mqtt-client-b0a9c015
2026-06-10 13:57:22,279 - [PID 5800] - INFO - Connected to localhost:1883
2026-06-10 13:57:58,605 - [PID 2868] - INFO - Camera found: a2A5060-21g5cBAS
2026-06-10 13:57:58,695 - [PID 2868] - INFO - Camera connected successfully
2026-06-10 13:57:58,695 - [PID 2868] - INFO - Connecting to localhost:1883 as mqtt-client-4310d1db
2026-06-10 13:57:58,708 - [PID 2868] - INFO - Connected to localhost:1883
2026-06-10 13:57:58,710 - [PID 2868] - INFO - Connecting to localhost:1883 as mqtt-client-881eb720
2026-06-10 13:57:58,714 - [PID 2868] - INFO - Connected to localhost:1883
2026-06-10 13:57:58,715 - [PID 2868] - INFO - Subscribed to 'magnapower/sortyboi/inference/trigger' (QoS 0)
2026-06-10 13:58:13,154 - [PID 2868] - INFO - Capturing image...
2026-06-10 13:58:13,450 - [PID 2868] - INFO - Captured image shape: (5056, 5064, 3)
2026-06-10 13:58:13,588 - [PID 2868] - INFO - Publishing image...
2026-06-10 13:58:13,595 - [PID 2868] - INFO - Image published. Waiting for next capture request...
2026-06-10 13:58:13,595 - [PID 2868] - WARNING - Unexpected disconnect (rc=7)
2026-06-10 13:58:13,595 - [PID 2868] - INFO - Reconnecting in 5.0s (attempt 1)…
2026-06-10 13:58:18,601 - [PID 2868] - INFO - Connecting to localhost:1883 as mqtt-client-4310d1db
2026-06-10 13:58:19,603 - [PID 2868] - INFO - Connected to localhost:1883
2026-06-10 13:59:27,750 - [PID 11116] - INFO - Camera found: a2A5060-21g5cBAS
2026-06-10 13:59:27,838 - [PID 11116] - INFO - Camera connected successfully
2026-06-10 13:59:27,839 - [PID 11116] - INFO - Connecting to localhost:1883 as mqtt-client-da9889f2
2026-06-10 13:59:27,850 - [PID 11116] - INFO - Connected to localhost:1883
2026-06-10 13:59:27,853 - [PID 11116] - INFO - Connecting to localhost:1883 as mqtt-client-3bc43b59
2026-06-10 13:59:27,857 - [PID 11116] - INFO - Connected to localhost:1883
2026-06-10 13:59:27,859 - [PID 11116] - INFO - Subscribed to 'magnapower/sortyboi/inference/trigger' (QoS 0)
2026-06-10 13:59:32,600 - [PID 11116] - INFO - Capturing image...
2026-06-10 13:59:32,900 - [PID 11116] - INFO - Captured image shape: (5056, 5064, 3)
2026-06-10 13:59:33,150 - [PID 11116] - INFO - Publishing image...
2026-06-10 13:59:33,154 - [PID 11116] - INFO - Image published. Waiting for next capture request...
2026-06-10 13:59:33,156 - [PID 11116] - WARNING - Unexpected disconnect (rc=7)
2026-06-10 13:59:33,156 - [PID 11116] - INFO - Reconnecting in 5.0s (attempt 1)…
2026-06-10 13:59:34,771 - [PID 11116] - INFO - Capturing image...
2026-06-10 13:59:35,059 - [PID 11116] - INFO - Captured image shape: (5056, 5064, 3)
2026-06-10 13:59:35,219 - [PID 11116] - INFO - Publishing image...
2026-06-10 13:59:35,224 - [PID 11116] - INFO - Image published. Waiting for next capture request...
2026-06-10 13:59:35,224 - [PID 11116] - WARNING - Unexpected disconnect (rc=7)
2026-06-10 13:59:35,224 - [PID 11116] - INFO - Reconnecting in 5.0s (attempt 1)…
2026-06-10 13:59:38,161 - [PID 11116] - INFO - Connecting to localhost:1883 as mqtt-client-da9889f2
2026-06-10 13:59:39,175 - [PID 11116] - INFO - Connected to localhost:1883
2026-06-10 13:59:40,227 - [PID 11116] - INFO - Connecting to localhost:1883 as mqtt-client-da9889f2
2026-06-10 13:59:41,241 - [PID 11116] - INFO - Connected to localhost:1883
2026-06-10 14:01:03,608 - [PID 16416] - INFO - Camera found: a2A5060-21g5cBAS
2026-06-10 14:01:03,700 - [PID 16416] - INFO - Camera connected successfully
2026-06-10 14:01:03,701 - [PID 16416] - INFO - Connecting to localhost:1883 as mqtt-client-8d2db9fd
2026-06-10 14:01:03,711 - [PID 16416] - INFO - Connected to localhost:1883
2026-06-10 14:01:03,713 - [PID 16416] - INFO - Connecting to localhost:1883 as mqtt-client-07aefe12
2026-06-10 14:01:03,718 - [PID 16416] - INFO - Connected to localhost:1883
2026-06-10 14:01:03,720 - [PID 16416] - INFO - Subscribed to 'magnapower/sortyboi/inference/trigger' (QoS 0)
2026-06-10 14:01:23,282 - [PID 16416] - INFO - Capturing image...
2026-06-10 14:01:23,584 - [PID 16416] - INFO - Captured image shape: (5056, 5064, 3)
2026-06-10 14:01:23,832 - [PID 16416] - INFO - Publishing image...
2026-06-10 14:01:41,694 - [PID 16416] - WARNING - Unexpected disconnect (rc=7)
2026-06-10 14:01:41,694 - [PID 16416] - INFO - Reconnecting in 5.0s (attempt 1)…
2026-06-10 14:01:46,709 - [PID 16416] - INFO - Connecting to localhost:1883 as mqtt-client-8d2db9fd
2026-06-10 14:01:47,727 - [PID 16416] - INFO - Connected to localhost:1883
2026-06-10 14:02:26,861 - [PID 16416] - INFO - Image published. Waiting for next capture request...
2026-06-10 14:02:34,487 - [PID 16416] - INFO - Capturing image...
2026-06-10 14:02:34,797 - [PID 16416] - INFO - Captured image shape: (5056, 5064, 3)
2026-06-10 14:02:35,139 - [PID 16416] - INFO - Publishing image...
2026-06-10 14:02:35,149 - [PID 16416] - INFO - Image published. Waiting for next capture request...
2026-06-10 14:02:35,150 - [PID 16416] - WARNING - Unexpected disconnect (rc=7)
2026-06-10 14:02:35,150 - [PID 16416] - INFO - Reconnecting in 5.0s (attempt 1)…
2026-06-10 14:02:40,160 - [PID 16416] - INFO - Connecting to localhost:1883 as mqtt-client-8d2db9fd
2026-06-10 14:02:41,174 - [PID 16416] - INFO - Connected to localhost:1883
2026-06-10 14:02:43,042 - [PID 16416] - INFO - Capturing image...
2026-06-10 14:02:43,343 - [PID 16416] - INFO - Captured image shape: (5056, 5064, 3)
2026-06-10 14:02:43,499 - [PID 16416] - INFO - Publishing image...
2026-06-10 14:02:43,503 - [PID 16416] - INFO - Image published. Waiting for next capture request...
2026-06-10 14:02:43,503 - [PID 16416] - WARNING - Unexpected disconnect (rc=7)
2026-06-10 14:02:43,503 - [PID 16416] - INFO - Reconnecting in 5.0s (attempt 1)…
2026-06-10 14:02:43,806 - [PID 16416] - INFO - Capturing image...
2026-06-10 14:02:44,103 - [PID 16416] - INFO - Captured image shape: (5056, 5064, 3)
2026-06-10 14:02:44,260 - [PID 16416] - INFO - Publishing image...
2026-06-10 14:02:48,509 - [PID 16416] - INFO - Connecting to localhost:1883 as mqtt-client-8d2db9fd
2026-06-10 14:02:49,523 - [PID 16416] - INFO - Connected to localhost:1883
2026-06-10 14:03:33,331 - [PID 3232] - INFO - Camera found: a2A5060-21g5cBAS
2026-06-10 14:03:33,421 - [PID 3232] - INFO - Camera connected successfully
2026-06-10 14:03:33,421 - [PID 3232] - INFO - Connecting to localhost:1883 as mqtt-client-b6600210
2026-06-10 14:03:33,434 - [PID 3232] - INFO - Connected to localhost:1883
2026-06-10 14:03:33,438 - [PID 3232] - INFO - Connecting to localhost:1883 as mqtt-client-f94f48ce
2026-06-10 14:03:33,442 - [PID 3232] - INFO - Connected to localhost:1883
2026-06-10 14:03:33,442 - [PID 3232] - INFO - Subscribed to 'magnapower/sortyboi/inference/trigger' (QoS 0)
2026-06-10 14:03:39,190 - [PID 3232] - INFO - Capturing image...
2026-06-10 14:03:39,528 - [PID 3232] - INFO - Captured image shape: (5056, 5064, 3)
2026-06-10 14:03:40,061 - [PID 3232] - INFO - Publishing image...
2026-06-10 14:03:40,070 - [PID 3232] - INFO - Image published. Waiting for next capture request...
2026-06-10 14:03:40,071 - [PID 3232] - WARNING - Unexpected disconnect (rc=7)
2026-06-10 14:03:40,072 - [PID 3232] - INFO - Reconnecting in 5.0s (attempt 1)…
2026-06-10 14:03:45,079 - [PID 3232] - INFO - Connecting to localhost:1883 as mqtt-client-b6600210
2026-06-10 14:03:46,093 - [PID 3232] - INFO - Connected to localhost:1883
2026-06-10 14:04:40,407 - [PID 3232] - INFO - Capturing image...
2026-06-10 14:04:40,736 - [PID 3232] - INFO - Captured image shape: (5056, 5064, 3)
2026-06-10 14:04:41,108 - [PID 3232] - INFO - Publishing image...
2026-06-10 14:04:41,117 - [PID 3232] - WARNING - Unexpected disconnect (rc=7)
2026-06-10 14:04:41,117 - [PID 3232] - INFO - Reconnecting in 5.0s (attempt 1)…
2026-06-10 14:04:41,120 - [PID 3232] - INFO - Image published. Waiting for next capture request...
2026-06-10 14:04:42,131 - [PID 3232] - INFO - Capturing image...
2026-06-10 14:04:42,469 - [PID 3232] - INFO - Captured image shape: (5056, 5064, 3)
2026-06-10 14:04:42,844 - [PID 3232] - INFO - Publishing image...
2026-06-10 14:04:42,854 - [PID 3232] - WARNING - Unexpected disconnect (rc=7)
2026-06-10 14:04:42,856 - [PID 3232] - INFO - Reconnecting in 5.0s (attempt 1)…
2026-06-10 14:04:42,856 - [PID 3232] - INFO - Image published. Waiting for next capture request...
2026-06-10 14:04:46,127 - [PID 3232] - INFO - Connecting to localhost:1883 as mqtt-client-b6600210
2026-06-10 14:04:47,131 - [PID 3232] - INFO - Connected to localhost:1883
2026-06-10 14:04:47,864 - [PID 3232] - INFO - Connecting to localhost:1883 as mqtt-client-b6600210
2026-06-10 14:04:48,629 - [PID 3232] - INFO - Capturing image...
2026-06-10 14:04:48,869 - [PID 3232] - INFO - Connected to localhost:1883
2026-06-10 14:04:48,949 - [PID 3232] - INFO - Captured image shape: (5056, 5064, 3)
2026-06-10 14:04:49,277 - [PID 3232] - INFO - Publishing image...
2026-06-10 14:04:49,287 - [PID 3232] - WARNING - Unexpected disconnect (rc=7)
2026-06-10 14:04:49,287 - [PID 3232] - INFO - Reconnecting in 5.0s (attempt 1)…
2026-06-10 14:04:49,287 - [PID 3232] - INFO - Image published. Waiting for next capture request...
2026-06-10 14:04:54,294 - [PID 3232] - INFO - Connecting to localhost:1883 as mqtt-client-b6600210
2026-06-10 14:04:55,296 - [PID 3232] - INFO - Connected to localhost:1883
2026-06-10 14:05:54,772 - [PID 3232] - INFO - Capturing image...
2026-06-10 14:05:55,094 - [PID 3232] - INFO - Captured image shape: (5056, 5064, 3)
2026-06-10 14:05:55,450 - [PID 3232] - INFO - Publishing image...
2026-06-10 14:05:55,458 - [PID 3232] - INFO - Image published. Waiting for next capture request...
2026-06-10 14:05:55,458 - [PID 3232] - WARNING - Unexpected disconnect (rc=7)
2026-06-10 14:05:55,458 - [PID 3232] - INFO - Reconnecting in 5.0s (attempt 1)…
2026-06-10 14:05:56,066 - [PID 3232] - INFO - Capturing image...
2026-06-10 14:05:56,387 - [PID 3232] - INFO - Captured image shape: (5056, 5064, 3)
2026-06-10 14:05:56,768 - [PID 3232] - INFO - Publishing image...
2026-06-10 14:05:56,778 - [PID 3232] - INFO - Image published. Waiting for next capture request...
2026-06-10 14:05:56,779 - [PID 3232] - WARNING - Unexpected disconnect (rc=7)
2026-06-10 14:05:56,779 - [PID 3232] - INFO - Reconnecting in 5.0s (attempt 1)…
2026-06-10 14:06:00,469 - [PID 3232] - INFO - Connecting to localhost:1883 as mqtt-client-b6600210
2026-06-10 14:06:01,469 - [PID 3232] - INFO - Connected to localhost:1883
2026-06-10 14:06:01,789 - [PID 3232] - INFO - Connecting to localhost:1883 as mqtt-client-b6600210
2026-06-10 14:06:02,793 - [PID 3232] - INFO - Connected to localhost:1883
2026-06-10 14:07:01,406 - [PID 2100] - INFO - Camera found: a2A5060-21g5cBAS
2026-06-10 14:07:01,495 - [PID 2100] - INFO - Camera connected successfully
2026-06-10 14:07:01,496 - [PID 2100] - INFO - Connecting to localhost:1883 as mqtt-client-8ef3ea81
2026-06-10 14:07:01,518 - [PID 2100] - INFO - Connected to localhost:1883
2026-06-10 14:07:01,521 - [PID 2100] - INFO - Connecting to localhost:1883 as mqtt-client-589f4cc0
2026-06-10 14:07:01,525 - [PID 2100] - INFO - Connected to localhost:1883
2026-06-10 14:07:01,525 - [PID 2100] - INFO - Subscribed to 'magnapower/sortyboi/inference/trigger' (QoS 0)
2026-06-10 14:07:01,622 - [PID 2100] - INFO - Capturing image...
2026-06-10 14:07:01,917 - [PID 2100] - INFO - Captured image shape: (5056, 5064, 3)
2026-06-10 14:07:02,059 - [PID 2100] - INFO - Publishing image...
2026-06-10 14:07:02,065 - [PID 2100] - INFO - Image published. Waiting for next capture request...
2026-06-10 14:07:02,065 - [PID 2100] - WARNING - Unexpected disconnect (rc=7)
2026-06-10 14:07:02,065 - [PID 2100] - INFO - Reconnecting in 5.0s (attempt 1)…
2026-06-10 14:07:06,918 - [PID 2100] - INFO - Capturing image...
2026-06-10 14:07:07,070 - [PID 2100] - INFO - Connecting to localhost:1883 as mqtt-client-8ef3ea81
2026-06-10 14:07:07,243 - [PID 2100] - INFO - Captured image shape: (5056, 5064, 3)
2026-06-10 14:07:07,608 - [PID 2100] - INFO - Publishing image...
2026-06-10 14:07:07,608 - [PID 2100] - ERROR - Error publishing image: Client is not connected — call connect() first.
Traceback (most recent call last):
  File "C:\Users\LWS\Worker_Test\camera_worker_new\camera-worker\app\main.py", line 130, in main
    client.publish(IMAGE_TOPIC, packet)
  File "c:\Users\LWS\AppData\Local\Programs\Python\Python310\lib\site-packages\mqtt_client\client.py", line 172, in publish
    raise MQTTConnectionError("Client is not connected — call connect() first.")
mqtt_client.exceptions.MQTTConnectionError: Client is not connected — call connect() first.
2026-06-10 14:07:07,615 - [PID 2100] - INFO - Image published. Waiting for next capture request...
2026-06-10 14:07:08,087 - [PID 2100] - INFO - Connected to localhost:1883
2026-06-10 14:07:08,831 - [PID 2100] - INFO - Capturing image...
2026-06-10 14:07:09,151 - [PID 2100] - INFO - Captured image shape: (5056, 5064, 3)
2026-06-10 14:07:09,495 - [PID 2100] - INFO - Publishing image...
2026-06-10 14:07:09,505 - [PID 2100] - WARNING - Unexpected disconnect (rc=7)
2026-06-10 14:07:09,505 - [PID 2100] - INFO - Image published. Waiting for next capture request...
2026-06-10 14:07:09,505 - [PID 2100] - INFO - Reconnecting in 5.0s (attempt 1)…
2026-06-10 14:07:14,513 - [PID 2100] - INFO - Connecting to localhost:1883 as mqtt-client-8ef3ea81
2026-06-10 14:07:15,514 - [PID 2100] - INFO - Connected to localhost:1883
2026-06-10 14:07:54,353 - [PID 2100] - INFO - Capturing image...
2026-06-10 14:07:54,669 - [PID 2100] - INFO - Captured image shape: (5056, 5064, 3)
2026-06-10 14:07:55,013 - [PID 2100] - INFO - Publishing image...
2026-06-10 14:07:55,023 - [PID 2100] - INFO - Image published. Waiting for next capture request...
2026-06-10 14:07:55,023 - [PID 2100] - WARNING - Unexpected disconnect (rc=7)
2026-06-10 14:07:55,023 - [PID 2100] - INFO - Reconnecting in 5.0s (attempt 1)…
2026-06-10 14:08:00,032 - [PID 2100] - INFO - Connecting to localhost:1883 as mqtt-client-8ef3ea81
2026-06-10 14:08:01,034 - [PID 2100] - INFO - Connected to localhost:1883
2026-06-10 14:09:25,411 - [PID 2100] - INFO - Capturing image...
2026-06-10 14:09:25,736 - [PID 2100] - INFO - Captured image shape: (5056, 5064, 3)
2026-06-10 14:09:26,075 - [PID 2100] - INFO - Publishing image...
2026-06-10 14:09:26,083 - [PID 2100] - WARNING - Unexpected disconnect (rc=7)
2026-06-10 14:09:26,083 - [PID 2100] - INFO - Reconnecting in 5.0s (attempt 1)…
2026-06-10 14:09:26,085 - [PID 2100] - INFO - Image published. Waiting for next capture request...
2026-06-10 14:09:31,095 - [PID 2100] - INFO - Connecting to localhost:1883 as mqtt-client-8ef3ea81
2026-06-10 14:09:32,111 - [PID 2100] - INFO - Connected to localhost:1883
